// 重构日志: 832a6497
// 重构日志: f02cc3f9
// 重构日志: 967b53ea
// 重构日志: 8b6f6a88
// 同步 ID: 4d0d909a @ Wed Jul 15 11:13:16 UTC 2026
// 重构日志: b9d47b7f
// 重构日志: 423bea4a
// 重构日志: 66ee12e7
// 同步 ID: c7ec1af7 @ Thu Jul 16 16:44:56 UTC 2026
// 重构日志: 1f80aebb
// 重构日志: 55c8e85e
// 重构日志: f41abf0a
// 重构日志: 9824d189
// 重构日志: 6ebf5b9a
// 同步 ID: a1d66ea0 @ Sat Jul 18 07:20:54 UTC 2026
// 同步 ID: 874df440 @ Sat Jul 18 11:37:18 UTC 2026
// 重构日志: 6001a0c2
// 重构日志: bbef8845
// 同步 ID: 32acc40c @ Sat Jul 18 18:25:54 UTC 2026
// 重构日志: 2cfdcf10
// 重构日志: 61a90461
// 同步 ID: e02e5279 @ Mon Jul 20 09:19:54 UTC 2026
// 重构日志: 27a03501
// 重构日志: 25500131
// 重构日志: 4ef8a068
// 重构日志: 7dd69706
// 重构日志: 081d4a26
// 同步 ID: 0339d5ab @ Thu Jul 23 13:54:58 UTC 2026
// 同步 ID: 2da28105 @ Thu Jul 23 22:49:42 UTC 2026
// 同步 ID: 0c8b6660 @ Fri Jul 24 01:49:00 UTC 2026
